<?xml version="1.0" encoding="UTF-8"?>
<coverage generated="1664692928645" clover="3.2.0">
  <project timestamp="1664692928645" name="All files">
    <metrics statements="5" coveredstatements="5" conditionals="3" coveredconditionals="3" methods="2" coveredmethods="2" elements="10" coveredelements="10" complexity="0" loc="5" ncloc="5" packages="1" files="1" classes="1"/>
    <file name="FiltersHelper.ts" path="/Users/thang/Desktop/Projects/react-query-practice/src/services/IGDBClient/QueryHelper/FiltersHelper/FiltersHelper.ts">
      <metrics statements="5" coveredstatements="5" conditionals="3" coveredconditionals="3" methods="2" coveredmethods="2"/>
      <line num="4" count="1" type="cond" truecount="1" falsecount="0"/>
      <line num="5" count="2" type="cond" truecount="2" falsecount="0"/>
      <line num="7" count="1" type="stmt"/>
      <line num="8" count="2" type="stmt"/>
      <line num="10" count="1" type="stmt"/>
    </file>
  </project>
</coverage>
