<?xml version="1.0" encoding="UTF-8"?>
<coverage generated="1664693296011" clover="3.2.0">
  <project timestamp="1664693296011" name="All files">
    <metrics statements="7" coveredstatements="7" conditionals="5" coveredconditionals="5" methods="3" coveredmethods="3" elements="15" coveredelements="15" complexity="0" loc="7" ncloc="7" packages="2" files="2" classes="2"/>
    <package name="PaginationHelper">
      <metrics statements="4" coveredstatements="4" conditionals="2" coveredconditionals="2" methods="1" coveredmethods="1"/>
      <file name="PaginationHelper.ts" path="/Users/thang/Desktop/Projects/react-query-practice/src/services/IGDBClient/QueryHelper/PaginationHelper/PaginationHelper.ts">
        <metrics statements="4" coveredstatements="4" conditionals="2" coveredconditionals="2" methods="1" coveredmethods="1"/>
        <line num="4" count="1" type="stmt"/>
        <line num="5" count="2" type="cond" truecount="2" falsecount="0"/>
        <line num="7" count="1" type="stmt"/>
        <line num="8" count="1" type="stmt"/>
      </file>
    </package>
    <package name="SortersHelper">
      <metrics statements="3" coveredstatements="3" conditionals="3" coveredconditionals="3" methods="2" coveredmethods="2"/>
      <file name="SortersHelper.ts" path="/Users/thang/Desktop/Projects/react-query-practice/src/services/IGDBClient/QueryHelper/SortersHelper/SortersHelper.ts">
        <metrics statements="3" coveredstatements="3" conditionals="3" coveredconditionals="3" methods="2" coveredmethods="2"/>
        <line num="4" count="1" type="cond" truecount="1" falsecount="0"/>
        <line num="5" count="2" type="cond" truecount="2" falsecount="0"/>
        <line num="7" count="2" type="stmt"/>
      </file>
    </package>
  </project>
</coverage>
