{"/Users/thang/Desktop/Projects/react-query-practice/src/services/IGDBClient/QueryHelper/FieldsHelper/FieldsHelper.ts": {"path":"/Users/thang/Desktop/Projects/react-query-practice/src/services/IGDBClient/QueryHelper/FieldsHelper/FieldsHelper.ts","statementMap":{"0":{"start":{"line":4,"column":20},"end":{"line":15,"column":3}},"1":{"start":{"line":9,"column":17},"end":{"line":9,"column":48}},"2":{"start":{"line":10,"column":4},"end":{"line":10,"column":59}},"3":{"start":{"line":11,"column":4},"end":{"line":11,"column":32}},"4":{"start":{"line":12,"column":4},"end":{"line":12,"column":57}},"5":{"start":{"line":14,"column":4},"end":{"line":14,"column":18}},"6":{"start":{"line":17,"column":31},"end":{"line":19,"column":3}},"7":{"start":{"line":18,"column":4},"end":{"line":18,"column":85}},"8":{"start":{"line":21,"column":34},"end":{"line":36,"column":3}},"9":{"start":{"line":22,"column":4},"end":{"line":22,"column":65}},"10":{"start":{"line":22,"column":46},"end":{"line":22,"column":65}},"11":{"start":{"line":24,"column":17},"end":{"line":24,"column":28}},"12":{"start":{"line":26,"column":4},"end":{"line":33,"column":7}},"13":{"start":{"line":27,"column":38},"end":{"line":27,"column":46}},"14":{"start":{"line":28,"column":28},"end":{"line":30,"column":18}},"15":{"start":{"line":29,"column":32},"end":{"line":29,"column":81}},"16":{"start":{"line":31,"column":29},"end":{"line":31,"column":67}},"17":{"start":{"line":32,"column":6},"end":{"line":32,"column":117}},"18":{"start":{"line":35,"column":4},"end":{"line":35,"column":18}},"19":{"start":{"line":38,"column":33},"end":{"line":43,"column":3}},"20":{"start":{"line":39,"column":4},"end":{"line":39,"column":46}},"21":{"start":{"line":39,"column":27},"end":{"line":39,"column":46}},"22":{"start":{"line":41,"column":25},"end":{"line":41,"column":57}},"23":{"start":{"line":42,"column":4},"end":{"line":42,"column":51}}},"fnMap":{"0":{"name":"(anonymous_0)","decl":{"start":{"line":4,"column":20},"end":{"line":4,"column":21}},"loc":{"start":{"line":8,"column":15},"end":{"line":15,"column":3}},"line":8},"1":{"name":"(anonymous_1)","decl":{"start":{"line":17,"column":31},"end":{"line":17,"column":32}},"loc":{"start":{"line":17,"column":70},"end":{"line":19,"column":3}},"line":17},"2":{"name":"(anonymous_2)","decl":{"start":{"line":21,"column":34},"end":{"line":21,"column":35}},"loc":{"start":{"line":21,"column":94},"end":{"line":36,"column":3}},"line":21},"3":{"name":"(anonymous_3)","decl":{"start":{"line":26,"column":38},"end":{"line":26,"column":39}},"loc":{"start":{"line":26,"column":52},"end":{"line":33,"column":5}},"line":26},"4":{"name":"(anonymous_4)","decl":{"start":{"line":29,"column":13},"end":{"line":29,"column":14}},"loc":{"start":{"line":29,"column":32},"end":{"line":29,"column":81}},"line":29},"5":{"name":"(anonymous_5)","decl":{"start":{"line":38,"column":33},"end":{"line":38,"column":34}},"loc":{"start":{"line":38,"column":106},"end":{"line":43,"column":3}},"line":38}},"branchMap":{"0":{"loc":{"start":{"line":17,"column":32},"end":{"line":17,"column":57}},"type":"default-arg","locations":[{"start":{"line":17,"column":54},"end":{"line":17,"column":57}}],"line":17},"1":{"loc":{"start":{"line":18,"column":11},"end":{"line":18,"column":84}},"type":"cond-expr","locations":[{"start":{"line":18,"column":35},"end":{"line":18,"column":63}},{"start":{"line":18,"column":66},"end":{"line":18,"column":84}}],"line":18},"2":{"loc":{"start":{"line":22,"column":4},"end":{"line":22,"column":65}},"type":"if","locations":[{"start":{"line":22,"column":4},"end":{"line":22,"column":65}},{"start":{},"end":{}}],"line":22},"3":{"loc":{"start":{"line":22,"column":21},"end":{"line":22,"column":36}},"type":"binary-expr","locations":[{"start":{"line":22,"column":21},"end":{"line":22,"column":30}},{"start":{"line":22,"column":34},"end":{"line":22,"column":36}}],"line":22},"4":{"loc":{"start":{"line":32,"column":15},"end":{"line":32,"column":116}},"type":"cond-expr","locations":[{"start":{"line":32,"column":32},"end":{"line":32,"column":79}},{"start":{"line":32,"column":82},"end":{"line":32,"column":116}}],"line":32},"5":{"loc":{"start":{"line":39,"column":4},"end":{"line":39,"column":46}},"type":"if","locations":[{"start":{"line":39,"column":4},"end":{"line":39,"column":46}},{"start":{},"end":{}}],"line":39}},"s":{"0":1,"1":8,"2":8,"3":8,"4":8,"5":8,"6":1,"7":8,"8":1,"9":8,"10":5,"11":3,"12":3,"13":6,"14":6,"15":9,"16":6,"17":6,"18":3,"19":1,"20":8,"21":7,"22":1,"23":1},"f":{"0":8,"1":8,"2":8,"3":6,"4":9,"5":8},"b":{"0":[5],"1":[2,6],"2":[5,3],"3":[8,5],"4":[2,4],"5":[7,1]},"_coverageSchema":"1a1c01bbd47fc00a2c39e90264f33305004495a9","hash":"7afed33f35730c378b90abe746ca778cbaf0ccc7"}
}
