{"/Users/thang/Desktop/Projects/react-query-practice/src/services/IGDBClient/QueryHelper/PaginationHelper/PaginationHelper.ts": {"path":"/Users/thang/Desktop/Projects/react-query-practice/src/services/IGDBClient/QueryHelper/PaginationHelper/PaginationHelper.ts","statementMap":{"0":{"start":{"line":4,"column":20},"end":{"line":9,"column":3}},"1":{"start":{"line":5,"column":4},"end":{"line":5,"column":38}},"2":{"start":{"line":5,"column":21},"end":{"line":5,"column":38}},"3":{"start":{"line":7,"column":30},"end":{"line":7,"column":40}},"4":{"start":{"line":8,"column":4},"end":{"line":8,"column":47}}},"fnMap":{"0":{"name":"(anonymous_0)","decl":{"start":{"line":4,"column":20},"end":{"line":4,"column":21}},"loc":{"start":{"line":4,"column":62},"end":{"line":9,"column":3}},"line":4}},"branchMap":{"0":{"loc":{"start":{"line":5,"column":4},"end":{"line":5,"column":38}},"type":"if","locations":[{"start":{"line":5,"column":4},"end":{"line":5,"column":38}},{"start":{},"end":{}}],"line":5}},"s":{"0":1,"1":2,"2":1,"3":1,"4":1},"f":{"0":2},"b":{"0":[1,1]},"_coverageSchema":"1a1c01bbd47fc00a2c39e90264f33305004495a9","hash":"3070932f071d02a6e40dad1514afeef11b21ab34"}
,"/Users/thang/Desktop/Projects/react-query-practice/src/services/IGDBClient/QueryHelper/SortersHelper/SortersHelper.ts": {"path":"/Users/thang/Desktop/Projects/react-query-practice/src/services/IGDBClient/QueryHelper/SortersHelper/SortersHelper.ts","statementMap":{"0":{"start":{"line":4,"column":20},"end":{"line":8,"column":3}},"1":{"start":{"line":5,"column":4},"end":{"line":5,"column":42}},"2":{"start":{"line":5,"column":25},"end":{"line":5,"column":42}},"3":{"start":{"line":7,"column":4},"end":{"line":7,"column":92}},"4":{"start":{"line":7,"column":43},"end":{"line":7,"column":79}}},"fnMap":{"0":{"name":"(anonymous_0)","decl":{"start":{"line":4,"column":20},"end":{"line":4,"column":21}},"loc":{"start":{"line":4,"column":98},"end":{"line":8,"column":3}},"line":4},"1":{"name":"(anonymous_1)","decl":{"start":{"line":7,"column":23},"end":{"line":7,"column":24}},"loc":{"start":{"line":7,"column":43},"end":{"line":7,"column":79}},"line":7}},"branchMap":{"0":{"loc":{"start":{"line":4,"column":50},"end":{"line":4,"column":85}},"type":"default-arg","locations":[{"start":{"line":4,"column":83},"end":{"line":4,"column":85}}],"line":4},"1":{"loc":{"start":{"line":5,"column":4},"end":{"line":5,"column":42}},"type":"if","locations":[{"start":{"line":5,"column":4},"end":{"line":5,"column":42}},{"start":{},"end":{}}],"line":5}},"s":{"0":1,"1":2,"2":1,"3":1,"4":2},"f":{"0":2,"1":2},"b":{"0":[1],"1":[1,1]},"_coverageSchema":"1a1c01bbd47fc00a2c39e90264f33305004495a9","hash":"13dd93ec907b026273a70ffa2ea99549bd302085"}
}
