TN:
SF:src/services/IGDBClient/QueryHelper/FieldsHelper/FieldsHelper.ts
FN:4,(anonymous_0)
FN:17,(anonymous_1)
FN:21,(anonymous_2)
FN:26,(anonymous_3)
FN:29,(anonymous_4)
FN:38,(anonymous_5)
FNF:6
FNH:6
FNDA:8,(anonymous_0)
FNDA:8,(anonymous_1)
FNDA:8,(anonymous_2)
FNDA:6,(anonymous_3)
FNDA:9,(anonymous_4)
FNDA:8,(anonymous_5)
DA:4,1
DA:9,8
DA:10,8
DA:11,8
DA:12,8
DA:14,8
DA:17,1
DA:18,8
DA:21,1
DA:22,8
DA:24,3
DA:26,3
DA:27,6
DA:28,6
DA:29,9
DA:31,6
DA:32,6
DA:35,3
DA:38,1
DA:39,8
DA:41,1
DA:42,1
LF:22
LH:22
BRDA:17,0,0,5
BRDA:18,1,0,2
BRDA:18,1,1,6
BRDA:22,2,0,5
BRDA:22,2,1,3
BRDA:22,3,0,8
BRDA:22,3,1,5
BRDA:32,4,0,2
BRDA:32,4,1,4
BRDA:39,5,0,7
BRDA:39,5,1,1
BRF:11
BRH:11
end_of_record
